[0.010s] Invoking command in '/home/ljq/so101_ws/build/so101_description': CMAKE_PREFIX_PATH=${CMAKE_PREFIX_PATH}:/home/ljq/moveit2_ws/install/moveit_configs_utils:/home/ljq/moveit2_ws/install/launch_param_builder:/home/ljq/dev_ws/install/learning_urdf:/home/ljq/dev_ws/install/learning_topic:/home/ljq/dev_ws/install/learning_tf:/home/ljq/dev_ws/install/learning_service:/home/ljq/dev_ws/install/learning_qos:/home/ljq/dev_ws/install/learning_pkg_python:/home/ljq/dev_ws/install/learning_parameter:/home/ljq/dev_ws/install/learning_node:/home/ljq/dev_ws/install/learning_launch:/home/ljq/dev_ws/install/learning_action:/home/ljq/dev_ws/install/learning_gazebo_harmonic:/home/ljq/dev_ws/install/learning_gazebo:/home/ljq/dev_ws/install/learning_cv:/opt/ros/humble /usr/bin/cmake /home/ljq/so101_ws/src/so101_description -DCMAKE_INSTALL_PREFIX=/home/ljq/so101_ws/install/so101_description
[0.056s] -- The C compiler identification is GNU 11.4.0
[0.094s] -- The CXX compiler identification is GNU 11.4.0
[0.099s] -- Detecting C compiler ABI info
[0.156s] -- Detecting C compiler ABI info - done
[0.159s] -- Check for working C compiler: /usr/bin/cc - skipped
[0.159s] -- Detecting C compile features
[0.159s] -- Detecting C compile features - done
[0.161s] -- Detecting CXX compiler ABI info
[0.221s] -- Detecting CXX compiler ABI info - done
[0.228s] -- Check for working CXX compiler: /usr/bin/c++ - skipped
[0.229s] -- Detecting CXX compile features
[0.229s] -- Detecting CXX compile features - done
[0.231s] -- Found ament_cmake: 1.3.12 (/opt/ros/humble/share/ament_cmake/cmake)
[0.359s] -- Found Python3: /usr/bin/python3 (found version "3.10.12") found components: Interpreter 
[0.465s] -- Found ament_lint_auto: 0.12.14 (/opt/ros/humble/share/ament_lint_auto/cmake)
[0.556s] -- Added test 'lint_cmake' to check CMake code style
[0.559s] -- Added test 'xmllint' to check XML markup files
[0.561s] -- Configuring done
[0.562s] -- Generating done
[0.563s] -- Build files have been written to: /home/ljq/so101_ws/build/so101_description
[0.566s] Invoked command in '/home/ljq/so101_ws/build/so101_description' returned '0': CMAKE_PREFIX_PATH=${CMAKE_PREFIX_PATH}:/home/ljq/moveit2_ws/install/moveit_configs_utils:/home/ljq/moveit2_ws/install/launch_param_builder:/home/ljq/dev_ws/install/learning_urdf:/home/ljq/dev_ws/install/learning_topic:/home/ljq/dev_ws/install/learning_tf:/home/ljq/dev_ws/install/learning_service:/home/ljq/dev_ws/install/learning_qos:/home/ljq/dev_ws/install/learning_pkg_python:/home/ljq/dev_ws/install/learning_parameter:/home/ljq/dev_ws/install/learning_node:/home/ljq/dev_ws/install/learning_launch:/home/ljq/dev_ws/install/learning_action:/home/ljq/dev_ws/install/learning_gazebo_harmonic:/home/ljq/dev_ws/install/learning_gazebo:/home/ljq/dev_ws/install/learning_cv:/opt/ros/humble /usr/bin/cmake /home/ljq/so101_ws/src/so101_description -DCMAKE_INSTALL_PREFIX=/home/ljq/so101_ws/install/so101_description
[0.567s] Invoking command in '/home/ljq/so101_ws/build/so101_description': CMAKE_PREFIX_PATH=${CMAKE_PREFIX_PATH}:/home/ljq/moveit2_ws/install/moveit_configs_utils:/home/ljq/moveit2_ws/install/launch_param_builder:/home/ljq/dev_ws/install/learning_urdf:/home/ljq/dev_ws/install/learning_topic:/home/ljq/dev_ws/install/learning_tf:/home/ljq/dev_ws/install/learning_service:/home/ljq/dev_ws/install/learning_qos:/home/ljq/dev_ws/install/learning_pkg_python:/home/ljq/dev_ws/install/learning_parameter:/home/ljq/dev_ws/install/learning_node:/home/ljq/dev_ws/install/learning_launch:/home/ljq/dev_ws/install/learning_action:/home/ljq/dev_ws/install/learning_gazebo_harmonic:/home/ljq/dev_ws/install/learning_gazebo:/home/ljq/dev_ws/install/learning_cv:/opt/ros/humble /usr/bin/cmake --build /home/ljq/so101_ws/build/so101_description -- -j2 -l2
[0.599s] Invoked command in '/home/ljq/so101_ws/build/so101_description' returned '0': CMAKE_PREFIX_PATH=${CMAKE_PREFIX_PATH}:/home/ljq/moveit2_ws/install/moveit_configs_utils:/home/ljq/moveit2_ws/install/launch_param_builder:/home/ljq/dev_ws/install/learning_urdf:/home/ljq/dev_ws/install/learning_topic:/home/ljq/dev_ws/install/learning_tf:/home/ljq/dev_ws/install/learning_service:/home/ljq/dev_ws/install/learning_qos:/home/ljq/dev_ws/install/learning_pkg_python:/home/ljq/dev_ws/install/learning_parameter:/home/ljq/dev_ws/install/learning_node:/home/ljq/dev_ws/install/learning_launch:/home/ljq/dev_ws/install/learning_action:/home/ljq/dev_ws/install/learning_gazebo_harmonic:/home/ljq/dev_ws/install/learning_gazebo:/home/ljq/dev_ws/install/learning_cv:/opt/ros/humble /usr/bin/cmake --build /home/ljq/so101_ws/build/so101_description -- -j2 -l2
[0.607s] Invoking command in '/home/ljq/so101_ws/build/so101_description': CMAKE_PREFIX_PATH=${CMAKE_PREFIX_PATH}:/home/ljq/moveit2_ws/install/moveit_configs_utils:/home/ljq/moveit2_ws/install/launch_param_builder:/home/ljq/dev_ws/install/learning_urdf:/home/ljq/dev_ws/install/learning_topic:/home/ljq/dev_ws/install/learning_tf:/home/ljq/dev_ws/install/learning_service:/home/ljq/dev_ws/install/learning_qos:/home/ljq/dev_ws/install/learning_pkg_python:/home/ljq/dev_ws/install/learning_parameter:/home/ljq/dev_ws/install/learning_node:/home/ljq/dev_ws/install/learning_launch:/home/ljq/dev_ws/install/learning_action:/home/ljq/dev_ws/install/learning_gazebo_harmonic:/home/ljq/dev_ws/install/learning_gazebo:/home/ljq/dev_ws/install/learning_cv:/opt/ros/humble /usr/bin/cmake --install /home/ljq/so101_ws/build/so101_description
[0.614s] -- Install configuration: ""
[0.614s] -- Installing: /home/ljq/so101_ws/install/so101_description/share/so101_description/urdf
[0.614s] -- Installing: /home/ljq/so101_ws/install/so101_description/share/so101_description/urdf/so101_new_calib.urdf
[0.614s] -- Installing: /home/ljq/so101_ws/install/so101_description/share/so101_description/assets
[0.614s] -- Installing: /home/ljq/so101_ws/install/so101_description/share/so101_description/assets/upper_arm_so101_v1.part
[0.614s] -- Installing: /home/ljq/so101_ws/install/so101_description/share/so101_description/assets/base_so101_v2.part
[0.614s] -- Installing: /home/ljq/so101_ws/install/so101_description/share/so101_description/assets/under_arm_so101_v1.stl
[0.615s] -- Installing: /home/ljq/so101_ws/install/so101_description/share/so101_description/assets/base_motor_holder_so101_v1.stl
[0.616s] -- Installing: /home/ljq/so101_ws/install/so101_description/share/so101_description/assets/motor_holder_so101_wrist_v1.stl
[0.617s] -- Installing: /home/ljq/so101_ws/install/so101_description/share/so101_description/assets/moving_jaw_so101_v1.stl
[0.617s] -- Installing: /home/ljq/so101_ws/install/so101_description/share/so101_description/assets/wrist_roll_pitch_so101_v2.part
[0.618s] -- Installing: /home/ljq/so101_ws/install/so101_description/share/so101_description/assets/motor_holder_so101_wrist_v1.part
[0.618s] -- Installing: /home/ljq/so101_ws/install/so101_description/share/so101_description/assets/sts3215_03a_no_horn_v1.part
[0.618s] -- Installing: /home/ljq/so101_ws/install/so101_description/share/so101_description/assets/wrist_roll_pitch_so101_v2.stl
[0.619s] -- Installing: /home/ljq/so101_ws/install/so101_description/share/so101_description/assets/base_so101_v2.stl
[0.619s] -- Installing: /home/ljq/so101_ws/install/so101_description/share/so101_description/assets/base_motor_holder_so101_v1.part
[0.619s] -- Installing: /home/ljq/so101_ws/install/so101_description/share/so101_description/assets/sts3215_03a_no_horn_v1.stl
[0.620s] -- Installing: /home/ljq/so101_ws/install/so101_description/share/so101_description/assets/motor_holder_so101_base_v1.stl
[0.620s] -- Installing: /home/ljq/so101_ws/install/so101_description/share/so101_description/assets/moving_jaw_so101_v1.part
[0.620s] -- Installing: /home/ljq/so101_ws/install/so101_description/share/so101_description/assets/sts3215_03a_v1.stl
[0.621s] -- Installing: /home/ljq/so101_ws/install/so101_description/share/so101_description/assets/motor_holder_so101_base_v1.part
[0.621s] -- Installing: /home/ljq/so101_ws/install/so101_description/share/so101_description/assets/wrist_roll_follower_so101_v1.part
[0.621s] -- Installing: /home/ljq/so101_ws/install/so101_description/share/so101_description/assets/sts3215_03a_v1.part
[0.621s] -- Installing: /home/ljq/so101_ws/install/so101_description/share/so101_description/assets/under_arm_so101_v1.part
[0.621s] -- Installing: /home/ljq/so101_ws/install/so101_description/share/so101_description/assets/waveshare_mounting_plate_so101_v2.stl
[0.621s] -- Installing: /home/ljq/so101_ws/install/so101_description/share/so101_description/assets/waveshare_mounting_plate_so101_v2.part
[0.621s] -- Installing: /home/ljq/so101_ws/install/so101_description/share/so101_description/assets/wrist_roll_follower_so101_v1.stl
[0.622s] -- Installing: /home/ljq/so101_ws/install/so101_description/share/so101_description/assets/rotation_pitch_so101_v1.stl
[0.622s] -- Installing: /home/ljq/so101_ws/install/so101_description/share/so101_description/assets/upper_arm_so101_v1.stl
[0.623s] -- Installing: /home/ljq/so101_ws/install/so101_description/share/so101_description/assets/rotation_pitch_so101_v1.part
[0.624s] -- Installing: /home/ljq/so101_ws/install/so101_description/share/ament_index/resource_index/package_run_dependencies/so101_description
[0.624s] -- Installing: /home/ljq/so101_ws/install/so101_description/share/ament_index/resource_index/parent_prefix_path/so101_description
[0.624s] -- Installing: /home/ljq/so101_ws/install/so101_description/share/so101_description/environment/ament_prefix_path.sh
[0.624s] -- Installing: /home/ljq/so101_ws/install/so101_description/share/so101_description/environment/ament_prefix_path.dsv
[0.624s] -- Installing: /home/ljq/so101_ws/install/so101_description/share/so101_description/environment/path.sh
[0.624s] -- Installing: /home/ljq/so101_ws/install/so101_description/share/so101_description/environment/path.dsv
[0.624s] -- Installing: /home/ljq/so101_ws/install/so101_description/share/so101_description/local_setup.bash
[0.624s] -- Installing: /home/ljq/so101_ws/install/so101_description/share/so101_description/local_setup.sh
[0.624s] -- Installing: /home/ljq/so101_ws/install/so101_description/share/so101_description/local_setup.zsh
[0.624s] -- Installing: /home/ljq/so101_ws/install/so101_description/share/so101_description/local_setup.dsv
[0.624s] -- Installing: /home/ljq/so101_ws/install/so101_description/share/so101_description/package.dsv
[0.624s] -- Installing: /home/ljq/so101_ws/install/so101_description/share/ament_index/resource_index/packages/so101_description
[0.625s] -- Installing: /home/ljq/so101_ws/install/so101_description/share/so101_description/cmake/so101_descriptionConfig.cmake
[0.625s] -- Installing: /home/ljq/so101_ws/install/so101_description/share/so101_description/cmake/so101_descriptionConfig-version.cmake
[0.625s] -- Installing: /home/ljq/so101_ws/install/so101_description/share/so101_description/package.xml
[0.626s] Invoked command in '/home/ljq/so101_ws/build/so101_description' returned '0': CMAKE_PREFIX_PATH=${CMAKE_PREFIX_PATH}:/home/ljq/moveit2_ws/install/moveit_configs_utils:/home/ljq/moveit2_ws/install/launch_param_builder:/home/ljq/dev_ws/install/learning_urdf:/home/ljq/dev_ws/install/learning_topic:/home/ljq/dev_ws/install/learning_tf:/home/ljq/dev_ws/install/learning_service:/home/ljq/dev_ws/install/learning_qos:/home/ljq/dev_ws/install/learning_pkg_python:/home/ljq/dev_ws/install/learning_parameter:/home/ljq/dev_ws/install/learning_node:/home/ljq/dev_ws/install/learning_launch:/home/ljq/dev_ws/install/learning_action:/home/ljq/dev_ws/install/learning_gazebo_harmonic:/home/ljq/dev_ws/install/learning_gazebo:/home/ljq/dev_ws/install/learning_cv:/opt/ros/humble /usr/bin/cmake --install /home/ljq/so101_ws/build/so101_description
