[0.073s] DEBUG:colcon:Command line arguments: ['/usr/bin/colcon', 'build', '--packages-select', 'so101_moveit_config', 'so101_description']
[0.074s] DEBUG:colcon:Parsed command line arguments: Namespace(log_base=None, log_level=None, verb_name='build', build_base='build', install_base='install', merge_install=False, symlink_install=False, test_result_base=None, continue_on_error=False, executor='parallel', parallel_workers=2, event_handlers=None, ignore_user_meta=False, metas=['./colcon.meta'], base_paths=['.'], packages_ignore=None, packages_ignore_regex=None, paths=None, packages_up_to=None, packages_up_to_regex=None, packages_above=None, packages_above_and_dependencies=None, packages_above_depth=None, packages_select_by_dep=None, packages_skip_by_dep=None, packages_skip_up_to=None, packages_select_build_failed=False, packages_skip_build_finished=False, packages_select_test_failures=False, packages_skip_test_passed=False, packages_select=['so101_moveit_config', 'so101_description'], packages_skip=None, packages_select_regex=None, packages_skip_regex=None, packages_start=None, packages_end=None, allow_overriding=[], cmake_args=None, cmake_target=None, cmake_target_skip_unavailable=False, cmake_clean_cache=False, cmake_clean_first=False, cmake_force_configure=False, ament_cmake_args=None, catkin_cmake_args=None, catkin_skip_building_tests=False, mixin_files=None, mixin=None, verb_parser=<colcon_mixin.mixin.mixin_argument.MixinArgumentDecorator object at 0x705bd0809f00>, verb_extension=<colcon_core.verb.build.BuildVerb object at 0x705bd0809990>, main=<bound method BuildVerb.main of <colcon_core.verb.build.BuildVerb object at 0x705bd0809990>>, mixin_verb=('build',))
[0.176s] Level 1:colcon.colcon_core.package_discovery:discover_packages(colcon_meta) check parameters
[0.177s] Level 1:colcon.colcon_core.package_discovery:discover_packages(recursive) check parameters
[0.177s] Level 1:colcon.colcon_core.package_discovery:discover_packages(ignore) check parameters
[0.177s] Level 1:colcon.colcon_core.package_discovery:discover_packages(path) check parameters
[0.177s] Level 1:colcon.colcon_core.package_discovery:discover_packages(colcon_meta) discover
[0.177s] Level 1:colcon.colcon_core.package_discovery:discover_packages(recursive) discover
[0.177s] INFO:colcon.colcon_core.package_discovery:Crawling recursively for packages in '/home/ljq/so101_ws'
[0.177s] Level 1:colcon.colcon_core.package_identification:_identify(.) by extensions ['ignore', 'ignore_ament_install']
[0.177s] Level 1:colcon.colcon_core.package_identification:_identify(.) by extension 'ignore'
[0.177s] Level 1:colcon.colcon_core.package_identification:_identify(.) by extension 'ignore_ament_install'
[0.177s] Level 1:colcon.colcon_core.package_identification:_identify(.) by extensions ['colcon_pkg']
[0.177s] Level 1:colcon.colcon_core.package_identification:_identify(.) by extension 'colcon_pkg'
[0.177s] Level 1:colcon.colcon_core.package_identification:_identify(.) by extensions ['colcon_meta']
[0.177s] Level 1:colcon.colcon_core.package_identification:_identify(.) by extension 'colcon_meta'
[0.177s] Level 1:colcon.colcon_core.package_identification:_identify(.) by extensions ['ros']
[0.177s] Level 1:colcon.colcon_core.package_identification:_identify(.) by extension 'ros'
[0.184s] Level 1:colcon.colcon_core.package_identification:_identify(.) by extensions ['cmake', 'python']
[0.184s] Level 1:colcon.colcon_core.package_identification:_identify(.) by extension 'cmake'
[0.184s] Level 1:colcon.colcon_core.package_identification:_identify(.) by extension 'python'
[0.184s] Level 1:colcon.colcon_core.package_identification:_identify(.) by extensions ['python_setup_py']
[0.184s] Level 1:colcon.colcon_core.package_identification:_identify(.) by extension 'python_setup_py'
[0.184s] Level 1:colcon.colcon_core.package_identification:_identify(build) by extensions ['ignore', 'ignore_ament_install']
[0.184s] Level 1:colcon.colcon_core.package_identification:_identify(build) by extension 'ignore'
[0.184s] Level 1:colcon.colcon_core.package_identification:_identify(build) ignored
[0.184s] Level 1:colcon.colcon_core.package_identification:_identify(install) by extensions ['ignore', 'ignore_ament_install']
[0.184s] Level 1:colcon.colcon_core.package_identification:_identify(install) by extension 'ignore'
[0.184s] Level 1:colcon.colcon_core.package_identification:_identify(install) ignored
[0.184s] Level 1:colcon.colcon_core.package_identification:_identify(log) by extensions ['ignore', 'ignore_ament_install']
[0.185s] Level 1:colcon.colcon_core.package_identification:_identify(log) by extension 'ignore'
[0.185s] Level 1:colcon.colcon_core.package_identification:_identify(log) ignored
[0.185s] Level 1:colcon.colcon_core.package_identification:_identify(src) by extensions ['ignore', 'ignore_ament_install']
[0.185s] Level 1:colcon.colcon_core.package_identification:_identify(src) by extension 'ignore'
[0.185s] Level 1:colcon.colcon_core.package_identification:_identify(src) by extension 'ignore_ament_install'
[0.185s] Level 1:colcon.colcon_core.package_identification:_identify(src) by extensions ['colcon_pkg']
[0.185s] Level 1:colcon.colcon_core.package_identification:_identify(src) by extension 'colcon_pkg'
[0.185s] Level 1:colcon.colcon_core.package_identification:_identify(src) by extensions ['colcon_meta']
[0.185s] Level 1:colcon.colcon_core.package_identification:_identify(src) by extension 'colcon_meta'
[0.185s] Level 1:colcon.colcon_core.package_identification:_identify(src) by extensions ['ros']
[0.185s] Level 1:colcon.colcon_core.package_identification:_identify(src) by extension 'ros'
[0.185s] Level 1:colcon.colcon_core.package_identification:_identify(src) by extensions ['cmake', 'python']
[0.185s] Level 1:colcon.colcon_core.package_identification:_identify(src) by extension 'cmake'
[0.185s] Level 1:colcon.colcon_core.package_identification:_identify(src) by extension 'python'
[0.185s] Level 1:colcon.colcon_core.package_identification:_identify(src) by extensions ['python_setup_py']
[0.185s] Level 1:colcon.colcon_core.package_identification:_identify(src) by extension 'python_setup_py'
[0.185s] Level 1:colcon.colcon_core.package_identification:_identify(src/so101_description) by extensions ['ignore', 'ignore_ament_install']
[0.185s] Level 1:colcon.colcon_core.package_identification:_identify(src/so101_description) by extension 'ignore'
[0.185s] Level 1:colcon.colcon_core.package_identification:_identify(src/so101_description) by extension 'ignore_ament_install'
[0.185s] Level 1:colcon.colcon_core.package_identification:_identify(src/so101_description) by extensions ['colcon_pkg']
[0.185s] Level 1:colcon.colcon_core.package_identification:_identify(src/so101_description) by extension 'colcon_pkg'
[0.185s] Level 1:colcon.colcon_core.package_identification:_identify(src/so101_description) by extensions ['colcon_meta']
[0.185s] Level 1:colcon.colcon_core.package_identification:_identify(src/so101_description) by extension 'colcon_meta'
[0.185s] Level 1:colcon.colcon_core.package_identification:_identify(src/so101_description) by extensions ['ros']
[0.185s] Level 1:colcon.colcon_core.package_identification:_identify(src/so101_description) by extension 'ros'
[0.187s] DEBUG:colcon.colcon_core.package_identification:Package 'src/so101_description' with type 'ros.ament_cmake' and name 'so101_description'
[0.187s] Level 1:colcon.colcon_core.package_identification:_identify(src/so101_moveit_config) by extensions ['ignore', 'ignore_ament_install']
[0.187s] Level 1:colcon.colcon_core.package_identification:_identify(src/so101_moveit_config) by extension 'ignore'
[0.187s] Level 1:colcon.colcon_core.package_identification:_identify(src/so101_moveit_config) by extension 'ignore_ament_install'
[0.188s] Level 1:colcon.colcon_core.package_identification:_identify(src/so101_moveit_config) by extensions ['colcon_pkg']
[0.188s] Level 1:colcon.colcon_core.package_identification:_identify(src/so101_moveit_config) by extension 'colcon_pkg'
[0.188s] Level 1:colcon.colcon_core.package_identification:_identify(src/so101_moveit_config) by extensions ['colcon_meta']
[0.188s] Level 1:colcon.colcon_core.package_identification:_identify(src/so101_moveit_config) by extension 'colcon_meta'
[0.188s] Level 1:colcon.colcon_core.package_identification:_identify(src/so101_moveit_config) by extensions ['ros']
[0.188s] Level 1:colcon.colcon_core.package_identification:_identify(src/so101_moveit_config) by extension 'ros'
[0.188s] DEBUG:colcon.colcon_core.package_identification:Package 'src/so101_moveit_config' with type 'ros.ament_cmake' and name 'so101_moveit_config'
[0.188s] Level 1:colcon.colcon_core.package_discovery:discover_packages(recursive) using defaults
[0.188s] Level 1:colcon.colcon_core.package_discovery:discover_packages(ignore) discover
[0.188s] Level 1:colcon.colcon_core.package_discovery:discover_packages(ignore) using defaults
[0.188s] Level 1:colcon.colcon_core.package_discovery:discover_packages(path) discover
[0.188s] Level 1:colcon.colcon_core.package_discovery:discover_packages(path) using defaults
[0.210s] Level 1:colcon.colcon_core.package_discovery:discover_packages(prefix_path) check parameters
[0.210s] Level 1:colcon.colcon_core.package_discovery:discover_packages(prefix_path) discover
[0.212s] DEBUG:colcon.colcon_installed_package_information.package_discovery:Found 350 installed packages in /opt/ros/humble
[0.213s] Level 1:colcon.colcon_core.package_discovery:discover_packages(prefix_path) using defaults
[0.239s] Level 5:colcon.colcon_core.verb:set package 'so101_description' build argument 'cmake_args' from command line to 'None'
[0.239s] Level 5:colcon.colcon_core.verb:set package 'so101_description' build argument 'cmake_target' from command line to 'None'
[0.239s] Level 5:colcon.colcon_core.verb:set package 'so101_description' build argument 'cmake_target_skip_unavailable' from command line to 'False'
[0.239s] Level 5:colcon.colcon_core.verb:set package 'so101_description' build argument 'cmake_clean_cache' from command line to 'False'
[0.239s] Level 5:colcon.colcon_core.verb:set package 'so101_description' build argument 'cmake_clean_first' from command line to 'False'
[0.239s] Level 5:colcon.colcon_core.verb:set package 'so101_description' build argument 'cmake_force_configure' from command line to 'False'
[0.239s] Level 5:colcon.colcon_core.verb:set package 'so101_description' build argument 'ament_cmake_args' from command line to 'None'
[0.240s] Level 5:colcon.colcon_core.verb:set package 'so101_description' build argument 'catkin_cmake_args' from command line to 'None'
[0.240s] Level 5:colcon.colcon_core.verb:set package 'so101_description' build argument 'catkin_skip_building_tests' from command line to 'False'
[0.240s] DEBUG:colcon.colcon_core.verb:Building package 'so101_description' with the following arguments: {'ament_cmake_args': None, 'build_base': '/home/ljq/so101_ws/build/so101_description', 'catkin_cmake_args': None, 'catkin_skip_building_tests': False, 'cmake_args': None, 'cmake_clean_cache': False, 'cmake_clean_first': False, 'cmake_force_configure': False, 'cmake_target': None, 'cmake_target_skip_unavailable': False, 'install_base': '/home/ljq/so101_ws/install/so101_description', 'merge_install': False, 'path': '/home/ljq/so101_ws/src/so101_description', 'symlink_install': False, 'test_result_base': None}
[0.240s] Level 5:colcon.colcon_core.verb:set package 'so101_moveit_config' build argument 'cmake_args' from command line to 'None'
[0.240s] Level 5:colcon.colcon_core.verb:set package 'so101_moveit_config' build argument 'cmake_target' from command line to 'None'
[0.240s] Level 5:colcon.colcon_core.verb:set package 'so101_moveit_config' build argument 'cmake_target_skip_unavailable' from command line to 'False'
[0.240s] Level 5:colcon.colcon_core.verb:set package 'so101_moveit_config' build argument 'cmake_clean_cache' from command line to 'False'
[0.240s] Level 5:colcon.colcon_core.verb:set package 'so101_moveit_config' build argument 'cmake_clean_first' from command line to 'False'
[0.240s] Level 5:colcon.colcon_core.verb:set package 'so101_moveit_config' build argument 'cmake_force_configure' from command line to 'False'
[0.240s] Level 5:colcon.colcon_core.verb:set package 'so101_moveit_config' build argument 'ament_cmake_args' from command line to 'None'
[0.240s] Level 5:colcon.colcon_core.verb:set package 'so101_moveit_config' build argument 'catkin_cmake_args' from command line to 'None'
[0.240s] Level 5:colcon.colcon_core.verb:set package 'so101_moveit_config' build argument 'catkin_skip_building_tests' from command line to 'False'
[0.240s] DEBUG:colcon.colcon_core.verb:Building package 'so101_moveit_config' with the following arguments: {'ament_cmake_args': None, 'build_base': '/home/ljq/so101_ws/build/so101_moveit_config', 'catkin_cmake_args': None, 'catkin_skip_building_tests': False, 'cmake_args': None, 'cmake_clean_cache': False, 'cmake_clean_first': False, 'cmake_force_configure': False, 'cmake_target': None, 'cmake_target_skip_unavailable': False, 'install_base': '/home/ljq/so101_ws/install/so101_moveit_config', 'merge_install': False, 'path': '/home/ljq/so101_ws/src/so101_moveit_config', 'symlink_install': False, 'test_result_base': None}
[0.240s] INFO:colcon.colcon_core.executor:Executing jobs using 'parallel' executor
[0.241s] DEBUG:colcon.colcon_parallel_executor.executor.parallel:run_until_complete
[0.241s] INFO:colcon.colcon_ros.task.ament_cmake.build:Building ROS package in '/home/ljq/so101_ws/src/so101_description' with build type 'ament_cmake'
[0.241s] INFO:colcon.colcon_cmake.task.cmake.build:Building CMake package in '/home/ljq/so101_ws/src/so101_description'
[0.243s] INFO:colcon.colcon_core.plugin_system:Skipping extension 'colcon_core.shell.bat': Not used on non-Windows systems
[0.243s] INFO:colcon.colcon_core.shell:Skip shell extension 'powershell' for command environment: Not usable outside of PowerShell
[0.243s] DEBUG:colcon.colcon_core.shell:Skip shell extension 'dsv' for command environment
[0.249s] DEBUG:colcon.colcon_core.event_handler.log_command:Invoking command in '/home/ljq/so101_ws/build/so101_description': CMAKE_PREFIX_PATH=/opt/ros/humble /usr/bin/cmake --build /home/ljq/so101_ws/build/so101_description -- -j2 -l2
[0.282s] DEBUG:colcon.colcon_core.event_handler.log_command:Invoked command in '/home/ljq/so101_ws/build/so101_description' returned '0': CMAKE_PREFIX_PATH=/opt/ros/humble /usr/bin/cmake --build /home/ljq/so101_ws/build/so101_description -- -j2 -l2
[0.290s] DEBUG:colcon.colcon_core.event_handler.log_command:Invoking command in '/home/ljq/so101_ws/build/so101_description': CMAKE_PREFIX_PATH=/opt/ros/humble /usr/bin/cmake --install /home/ljq/so101_ws/build/so101_description
[0.296s] Level 1:colcon.colcon_core.environment:create_environment_scripts_only(so101_description)
[0.296s] DEBUG:colcon.colcon_core.event_handler.log_command:Invoked command in '/home/ljq/so101_ws/build/so101_description' returned '0': CMAKE_PREFIX_PATH=/opt/ros/humble /usr/bin/cmake --install /home/ljq/so101_ws/build/so101_description
[0.298s] Level 1:colcon.colcon_core.environment:checking '/home/ljq/so101_ws/install/so101_description' for CMake module files
[0.298s] Level 1:colcon.colcon_core.environment:checking '/home/ljq/so101_ws/install/so101_description' for CMake config files
[0.299s] Level 1:colcon.colcon_core.shell:create_environment_hook('so101_description', 'cmake_prefix_path')
[0.299s] INFO:colcon.colcon_core.shell:Creating environment hook '/home/ljq/so101_ws/install/so101_description/share/so101_description/hook/cmake_prefix_path.ps1'
[0.299s] INFO:colcon.colcon_core.shell:Creating environment descriptor '/home/ljq/so101_ws/install/so101_description/share/so101_description/hook/cmake_prefix_path.dsv'
[0.300s] INFO:colcon.colcon_core.shell:Creating environment hook '/home/ljq/so101_ws/install/so101_description/share/so101_description/hook/cmake_prefix_path.sh'
[0.300s] Level 1:colcon.colcon_core.environment:checking '/home/ljq/so101_ws/install/so101_description/bin'
[0.300s] Level 1:colcon.colcon_core.environment:checking '/home/ljq/so101_ws/install/so101_description/lib/pkgconfig/so101_description.pc'
[0.300s] Level 1:colcon.colcon_core.environment:checking '/home/ljq/so101_ws/install/so101_description/lib/python3.10/site-packages'
[0.301s] Level 1:colcon.colcon_core.environment:checking '/home/ljq/so101_ws/install/so101_description/bin'
[0.301s] INFO:colcon.colcon_core.shell:Creating package script '/home/ljq/so101_ws/install/so101_description/share/so101_description/package.ps1'
[0.301s] INFO:colcon.colcon_core.shell:Creating package descriptor '/home/ljq/so101_ws/install/so101_description/share/so101_description/package.dsv'
[0.302s] INFO:colcon.colcon_core.shell:Creating package script '/home/ljq/so101_ws/install/so101_description/share/so101_description/package.sh'
[0.302s] INFO:colcon.colcon_core.shell:Creating package script '/home/ljq/so101_ws/install/so101_description/share/so101_description/package.bash'
[0.303s] INFO:colcon.colcon_core.shell:Creating package script '/home/ljq/so101_ws/install/so101_description/share/so101_description/package.zsh'
[0.303s] Level 1:colcon.colcon_core.environment:create_file_with_runtime_dependencies(/home/ljq/so101_ws/install/so101_description/share/colcon-core/packages/so101_description)
[0.304s] Level 1:colcon.colcon_core.environment:create_environment_scripts_only(so101_description)
[0.304s] Level 1:colcon.colcon_core.environment:checking '/home/ljq/so101_ws/install/so101_description' for CMake module files
[0.304s] Level 1:colcon.colcon_core.environment:checking '/home/ljq/so101_ws/install/so101_description' for CMake config files
[0.304s] Level 1:colcon.colcon_core.shell:create_environment_hook('so101_description', 'cmake_prefix_path')
[0.304s] INFO:colcon.colcon_core.shell:Creating environment hook '/home/ljq/so101_ws/install/so101_description/share/so101_description/hook/cmake_prefix_path.ps1'
[0.305s] INFO:colcon.colcon_core.shell:Creating environment descriptor '/home/ljq/so101_ws/install/so101_description/share/so101_description/hook/cmake_prefix_path.dsv'
[0.305s] INFO:colcon.colcon_core.shell:Creating environment hook '/home/ljq/so101_ws/install/so101_description/share/so101_description/hook/cmake_prefix_path.sh'
[0.306s] Level 1:colcon.colcon_core.environment:checking '/home/ljq/so101_ws/install/so101_description/bin'
[0.306s] Level 1:colcon.colcon_core.environment:checking '/home/ljq/so101_ws/install/so101_description/lib/pkgconfig/so101_description.pc'
[0.306s] Level 1:colcon.colcon_core.environment:checking '/home/ljq/so101_ws/install/so101_description/lib/python3.10/site-packages'
[0.306s] Level 1:colcon.colcon_core.environment:checking '/home/ljq/so101_ws/install/so101_description/bin'
[0.306s] INFO:colcon.colcon_core.shell:Creating package script '/home/ljq/so101_ws/install/so101_description/share/so101_description/package.ps1'
[0.306s] INFO:colcon.colcon_core.shell:Creating package descriptor '/home/ljq/so101_ws/install/so101_description/share/so101_description/package.dsv'
[0.307s] INFO:colcon.colcon_core.shell:Creating package script '/home/ljq/so101_ws/install/so101_description/share/so101_description/package.sh'
[0.307s] INFO:colcon.colcon_core.shell:Creating package script '/home/ljq/so101_ws/install/so101_description/share/so101_description/package.bash'
[0.307s] INFO:colcon.colcon_core.shell:Creating package script '/home/ljq/so101_ws/install/so101_description/share/so101_description/package.zsh'
[0.308s] Level 1:colcon.colcon_core.environment:create_file_with_runtime_dependencies(/home/ljq/so101_ws/install/so101_description/share/colcon-core/packages/so101_description)
[0.308s] INFO:colcon.colcon_ros.task.ament_cmake.build:Building ROS package in '/home/ljq/so101_ws/src/so101_moveit_config' with build type 'ament_cmake'
[0.308s] INFO:colcon.colcon_cmake.task.cmake.build:Building CMake package in '/home/ljq/so101_ws/src/so101_moveit_config'
[0.308s] INFO:colcon.colcon_core.shell:Skip shell extension 'powershell' for command environment: Not usable outside of PowerShell
[0.308s] DEBUG:colcon.colcon_core.shell:Skip shell extension 'dsv' for command environment
[0.315s] DEBUG:colcon.colcon_core.event_handler.log_command:Invoking command in '/home/ljq/so101_ws/build/so101_moveit_config': AMENT_PREFIX_PATH=/home/ljq/so101_ws/install/so101_description:${AMENT_PREFIX_PATH} CMAKE_PREFIX_PATH=/home/ljq/so101_ws/install/so101_description:/opt/ros/humble /usr/bin/cmake /home/ljq/so101_ws/src/so101_moveit_config -DCMAKE_INSTALL_PREFIX=/home/ljq/so101_ws/install/so101_moveit_config
[0.714s] DEBUG:colcon.colcon_core.event_handler.log_command:Invoked command in '/home/ljq/so101_ws/build/so101_moveit_config' returned '0': AMENT_PREFIX_PATH=/home/ljq/so101_ws/install/so101_description:${AMENT_PREFIX_PATH} CMAKE_PREFIX_PATH=/home/ljq/so101_ws/install/so101_description:/opt/ros/humble /usr/bin/cmake /home/ljq/so101_ws/src/so101_moveit_config -DCMAKE_INSTALL_PREFIX=/home/ljq/so101_ws/install/so101_moveit_config
[0.714s] DEBUG:colcon.colcon_core.event_handler.log_command:Invoking command in '/home/ljq/so101_ws/build/so101_moveit_config': AMENT_PREFIX_PATH=/home/ljq/so101_ws/install/so101_description:${AMENT_PREFIX_PATH} CMAKE_PREFIX_PATH=/home/ljq/so101_ws/install/so101_description:/opt/ros/humble /usr/bin/cmake --build /home/ljq/so101_ws/build/so101_moveit_config -- -j2 -l2
[0.739s] DEBUG:colcon.colcon_core.event_handler.log_command:Invoked command in '/home/ljq/so101_ws/build/so101_moveit_config' returned '0': AMENT_PREFIX_PATH=/home/ljq/so101_ws/install/so101_description:${AMENT_PREFIX_PATH} CMAKE_PREFIX_PATH=/home/ljq/so101_ws/install/so101_description:/opt/ros/humble /usr/bin/cmake --build /home/ljq/so101_ws/build/so101_moveit_config -- -j2 -l2
[0.741s] DEBUG:colcon.colcon_core.event_handler.log_command:Invoking command in '/home/ljq/so101_ws/build/so101_moveit_config': AMENT_PREFIX_PATH=/home/ljq/so101_ws/install/so101_description:${AMENT_PREFIX_PATH} CMAKE_PREFIX_PATH=/home/ljq/so101_ws/install/so101_description:/opt/ros/humble /usr/bin/cmake --install /home/ljq/so101_ws/build/so101_moveit_config
[0.748s] Level 1:colcon.colcon_core.environment:create_environment_scripts_only(so101_moveit_config)
[0.749s] Level 1:colcon.colcon_core.environment:checking '/home/ljq/so101_ws/install/so101_moveit_config' for CMake module files
[0.749s] Level 1:colcon.colcon_core.environment:checking '/home/ljq/so101_ws/install/so101_moveit_config' for CMake config files
[0.749s] Level 1:colcon.colcon_core.shell:create_environment_hook('so101_moveit_config', 'cmake_prefix_path')
[0.749s] INFO:colcon.colcon_core.shell:Creating environment hook '/home/ljq/so101_ws/install/so101_moveit_config/share/so101_moveit_config/hook/cmake_prefix_path.ps1'
[0.749s] DEBUG:colcon.colcon_core.event_handler.log_command:Invoked command in '/home/ljq/so101_ws/build/so101_moveit_config' returned '0': AMENT_PREFIX_PATH=/home/ljq/so101_ws/install/so101_description:${AMENT_PREFIX_PATH} CMAKE_PREFIX_PATH=/home/ljq/so101_ws/install/so101_description:/opt/ros/humble /usr/bin/cmake --install /home/ljq/so101_ws/build/so101_moveit_config
[0.750s] INFO:colcon.colcon_core.shell:Creating environment descriptor '/home/ljq/so101_ws/install/so101_moveit_config/share/so101_moveit_config/hook/cmake_prefix_path.dsv'
[0.750s] INFO:colcon.colcon_core.shell:Creating environment hook '/home/ljq/so101_ws/install/so101_moveit_config/share/so101_moveit_config/hook/cmake_prefix_path.sh'
[0.750s] Level 1:colcon.colcon_core.environment:checking '/home/ljq/so101_ws/install/so101_moveit_config/bin'
[0.750s] Level 1:colcon.colcon_core.environment:checking '/home/ljq/so101_ws/install/so101_moveit_config/lib/pkgconfig/so101_moveit_config.pc'
[0.750s] Level 1:colcon.colcon_core.environment:checking '/home/ljq/so101_ws/install/so101_moveit_config/lib/python3.10/site-packages'
[0.750s] Level 1:colcon.colcon_core.environment:checking '/home/ljq/so101_ws/install/so101_moveit_config/bin'
[0.750s] INFO:colcon.colcon_core.shell:Creating package script '/home/ljq/so101_ws/install/so101_moveit_config/share/so101_moveit_config/package.ps1'
[0.751s] INFO:colcon.colcon_core.shell:Creating package descriptor '/home/ljq/so101_ws/install/so101_moveit_config/share/so101_moveit_config/package.dsv'
[0.751s] INFO:colcon.colcon_core.shell:Creating package script '/home/ljq/so101_ws/install/so101_moveit_config/share/so101_moveit_config/package.sh'
[0.751s] INFO:colcon.colcon_core.shell:Creating package script '/home/ljq/so101_ws/install/so101_moveit_config/share/so101_moveit_config/package.bash'
[0.751s] INFO:colcon.colcon_core.shell:Creating package script '/home/ljq/so101_ws/install/so101_moveit_config/share/so101_moveit_config/package.zsh'
[0.752s] Level 1:colcon.colcon_core.environment:create_file_with_runtime_dependencies(/home/ljq/so101_ws/install/so101_moveit_config/share/colcon-core/packages/so101_moveit_config)
[0.752s] Level 1:colcon.colcon_core.environment:create_environment_scripts_only(so101_moveit_config)
[0.752s] Level 1:colcon.colcon_core.environment:checking '/home/ljq/so101_ws/install/so101_moveit_config' for CMake module files
[0.752s] Level 1:colcon.colcon_core.environment:checking '/home/ljq/so101_ws/install/so101_moveit_config' for CMake config files
[0.752s] Level 1:colcon.colcon_core.shell:create_environment_hook('so101_moveit_config', 'cmake_prefix_path')
[0.752s] INFO:colcon.colcon_core.shell:Creating environment hook '/home/ljq/so101_ws/install/so101_moveit_config/share/so101_moveit_config/hook/cmake_prefix_path.ps1'
[0.753s] INFO:colcon.colcon_core.shell:Creating environment descriptor '/home/ljq/so101_ws/install/so101_moveit_config/share/so101_moveit_config/hook/cmake_prefix_path.dsv'
[0.753s] INFO:colcon.colcon_core.shell:Creating environment hook '/home/ljq/so101_ws/install/so101_moveit_config/share/so101_moveit_config/hook/cmake_prefix_path.sh'
[0.753s] Level 1:colcon.colcon_core.environment:checking '/home/ljq/so101_ws/install/so101_moveit_config/bin'
[0.754s] Level 1:colcon.colcon_core.environment:checking '/home/ljq/so101_ws/install/so101_moveit_config/lib/pkgconfig/so101_moveit_config.pc'
[0.754s] Level 1:colcon.colcon_core.environment:checking '/home/ljq/so101_ws/install/so101_moveit_config/lib/python3.10/site-packages'
[0.754s] Level 1:colcon.colcon_core.environment:checking '/home/ljq/so101_ws/install/so101_moveit_config/bin'
[0.754s] INFO:colcon.colcon_core.shell:Creating package script '/home/ljq/so101_ws/install/so101_moveit_config/share/so101_moveit_config/package.ps1'
[0.754s] INFO:colcon.colcon_core.shell:Creating package descriptor '/home/ljq/so101_ws/install/so101_moveit_config/share/so101_moveit_config/package.dsv'
[0.754s] INFO:colcon.colcon_core.shell:Creating package script '/home/ljq/so101_ws/install/so101_moveit_config/share/so101_moveit_config/package.sh'
[0.755s] INFO:colcon.colcon_core.shell:Creating package script '/home/ljq/so101_ws/install/so101_moveit_config/share/so101_moveit_config/package.bash'
[0.755s] INFO:colcon.colcon_core.shell:Creating package script '/home/ljq/so101_ws/install/so101_moveit_config/share/so101_moveit_config/package.zsh'
[0.755s] Level 1:colcon.colcon_core.environment:create_file_with_runtime_dependencies(/home/ljq/so101_ws/install/so101_moveit_config/share/colcon-core/packages/so101_moveit_config)
[0.756s] DEBUG:colcon.colcon_parallel_executor.executor.parallel:closing loop
[0.756s] DEBUG:colcon.colcon_parallel_executor.executor.parallel:loop closed
[0.756s] DEBUG:colcon.colcon_parallel_executor.executor.parallel:run_until_complete finished with '0'
[0.756s] DEBUG:colcon.colcon_core.event_reactor:joining thread
[0.760s] INFO:colcon.colcon_core.plugin_system:Skipping extension 'colcon_notification.desktop_notification.terminal_notifier': Not used on non-Darwin systems
[0.760s] INFO:colcon.colcon_core.plugin_system:Skipping extension 'colcon_notification.desktop_notification.win32': Not used on non-Windows systems
[0.760s] INFO:colcon.colcon_notification.desktop_notification:Sending desktop notification using 'notify2'
[0.771s] DEBUG:colcon.colcon_core.event_reactor:joined thread
[0.771s] INFO:colcon.colcon_core.shell:Creating prefix script '/home/ljq/so101_ws/install/local_setup.ps1'
[0.772s] INFO:colcon.colcon_core.shell:Creating prefix util module '/home/ljq/so101_ws/install/_local_setup_util_ps1.py'
[0.773s] INFO:colcon.colcon_core.shell:Creating prefix chain script '/home/ljq/so101_ws/install/setup.ps1'
[0.774s] INFO:colcon.colcon_core.shell:Creating prefix script '/home/ljq/so101_ws/install/local_setup.sh'
[0.774s] INFO:colcon.colcon_core.shell:Creating prefix util module '/home/ljq/so101_ws/install/_local_setup_util_sh.py'
[0.775s] INFO:colcon.colcon_core.shell:Creating prefix chain script '/home/ljq/so101_ws/install/setup.sh'
[0.775s] INFO:colcon.colcon_core.shell:Creating prefix script '/home/ljq/so101_ws/install/local_setup.bash'
[0.776s] INFO:colcon.colcon_core.shell:Creating prefix chain script '/home/ljq/so101_ws/install/setup.bash'
[0.776s] INFO:colcon.colcon_core.shell:Creating prefix script '/home/ljq/so101_ws/install/local_setup.zsh'
[0.777s] INFO:colcon.colcon_core.shell:Creating prefix chain script '/home/ljq/so101_ws/install/setup.zsh'
