[0.005s] Invoking command in '/home/ljq/so101_ws/build/so101_moveit_config': AMENT_PREFIX_PATH=/home/ljq/so101_ws/install/so101_description:${AMENT_PREFIX_PATH} CMAKE_PREFIX_PATH=/home/ljq/so101_ws/install/so101_description:/opt/ros/humble /usr/bin/cmake /home/ljq/so101_ws/src/so101_moveit_config -DCMAKE_INSTALL_PREFIX=/home/ljq/so101_ws/install/so101_moveit_config
[0.048s] -- The C compiler identification is GNU 11.4.0
[0.091s] -- The CXX compiler identification is GNU 11.4.0
[0.096s] -- Detecting C compiler ABI info
[0.141s] -- Detecting C compiler ABI info - done
[0.145s] -- Check for working C compiler: /usr/bin/cc - skipped
[0.145s] -- Detecting C compile features
[0.145s] -- Detecting C compile features - done
[0.147s] -- Detecting CXX compiler ABI info
[0.198s] -- Detecting CXX compiler ABI info - done
[0.202s] -- Check for working CXX compiler: /usr/bin/c++ - skipped
[0.203s] -- Detecting CXX compile features
[0.203s] -- Detecting CXX compile features - done
[0.206s] -- Found ament_cmake: 1.3.12 (/opt/ros/humble/share/ament_cmake/cmake)
[0.302s] -- Found Python3: /usr/bin/python3 (found version "3.10.12") found components: Interpreter 
[0.398s] -- Configuring done
[0.400s] -- Generating done
[0.402s] -- Build files have been written to: /home/ljq/so101_ws/build/so101_moveit_config
[0.404s] Invoked command in '/home/ljq/so101_ws/build/so101_moveit_config' returned '0': AMENT_PREFIX_PATH=/home/ljq/so101_ws/install/so101_description:${AMENT_PREFIX_PATH} CMAKE_PREFIX_PATH=/home/ljq/so101_ws/install/so101_description:/opt/ros/humble /usr/bin/cmake /home/ljq/so101_ws/src/so101_moveit_config -DCMAKE_INSTALL_PREFIX=/home/ljq/so101_ws/install/so101_moveit_config
[0.405s] Invoking command in '/home/ljq/so101_ws/build/so101_moveit_config': AMENT_PREFIX_PATH=/home/ljq/so101_ws/install/so101_description:${AMENT_PREFIX_PATH} CMAKE_PREFIX_PATH=/home/ljq/so101_ws/install/so101_description:/opt/ros/humble /usr/bin/cmake --build /home/ljq/so101_ws/build/so101_moveit_config -- -j2 -l2
[0.430s] Invoked command in '/home/ljq/so101_ws/build/so101_moveit_config' returned '0': AMENT_PREFIX_PATH=/home/ljq/so101_ws/install/so101_description:${AMENT_PREFIX_PATH} CMAKE_PREFIX_PATH=/home/ljq/so101_ws/install/so101_description:/opt/ros/humble /usr/bin/cmake --build /home/ljq/so101_ws/build/so101_moveit_config -- -j2 -l2
[0.431s] Invoking command in '/home/ljq/so101_ws/build/so101_moveit_config': AMENT_PREFIX_PATH=/home/ljq/so101_ws/install/so101_description:${AMENT_PREFIX_PATH} CMAKE_PREFIX_PATH=/home/ljq/so101_ws/install/so101_description:/opt/ros/humble /usr/bin/cmake --install /home/ljq/so101_ws/build/so101_moveit_config
[0.437s] -- Install configuration: ""
[0.437s] -- Installing: /home/ljq/so101_ws/install/so101_moveit_config/share/ament_index/resource_index/package_run_dependencies/so101_moveit_config
[0.437s] -- Installing: /home/ljq/so101_ws/install/so101_moveit_config/share/ament_index/resource_index/parent_prefix_path/so101_moveit_config
[0.437s] -- Installing: /home/ljq/so101_ws/install/so101_moveit_config/share/so101_moveit_config/environment/ament_prefix_path.sh
[0.437s] -- Installing: /home/ljq/so101_ws/install/so101_moveit_config/share/so101_moveit_config/environment/ament_prefix_path.dsv
[0.437s] -- Installing: /home/ljq/so101_ws/install/so101_moveit_config/share/so101_moveit_config/environment/path.sh
[0.437s] -- Installing: /home/ljq/so101_ws/install/so101_moveit_config/share/so101_moveit_config/environment/path.dsv
[0.437s] -- Installing: /home/ljq/so101_ws/install/so101_moveit_config/share/so101_moveit_config/local_setup.bash
[0.437s] -- Installing: /home/ljq/so101_ws/install/so101_moveit_config/share/so101_moveit_config/local_setup.sh
[0.437s] -- Installing: /home/ljq/so101_ws/install/so101_moveit_config/share/so101_moveit_config/local_setup.zsh
[0.437s] -- Installing: /home/ljq/so101_ws/install/so101_moveit_config/share/so101_moveit_config/local_setup.dsv
[0.437s] -- Installing: /home/ljq/so101_ws/install/so101_moveit_config/share/so101_moveit_config/package.dsv
[0.438s] -- Installing: /home/ljq/so101_ws/install/so101_moveit_config/share/ament_index/resource_index/packages/so101_moveit_config
[0.438s] -- Installing: /home/ljq/so101_ws/install/so101_moveit_config/share/so101_moveit_config/cmake/so101_moveit_configConfig.cmake
[0.438s] -- Installing: /home/ljq/so101_ws/install/so101_moveit_config/share/so101_moveit_config/cmake/so101_moveit_configConfig-version.cmake
[0.438s] -- Installing: /home/ljq/so101_ws/install/so101_moveit_config/share/so101_moveit_config/package.xml
[0.438s] -- Installing: /home/ljq/so101_ws/install/so101_moveit_config/share/so101_moveit_config/launch
[0.438s] -- Installing: /home/ljq/so101_ws/install/so101_moveit_config/share/so101_moveit_config/launch/static_virtual_joint_tfs.launch.py
[0.438s] -- Installing: /home/ljq/so101_ws/install/so101_moveit_config/share/so101_moveit_config/launch/demo.launch.py
[0.438s] -- Installing: /home/ljq/so101_ws/install/so101_moveit_config/share/so101_moveit_config/launch/spawn_controllers.launch.py
[0.438s] -- Installing: /home/ljq/so101_ws/install/so101_moveit_config/share/so101_moveit_config/launch/warehouse_db.launch.py
[0.438s] -- Installing: /home/ljq/so101_ws/install/so101_moveit_config/share/so101_moveit_config/launch/setup_assistant.launch.py
[0.438s] -- Installing: /home/ljq/so101_ws/install/so101_moveit_config/share/so101_moveit_config/launch/moveit_rviz.launch.py
[0.438s] -- Installing: /home/ljq/so101_ws/install/so101_moveit_config/share/so101_moveit_config/launch/move_group.launch.py
[0.438s] -- Installing: /home/ljq/so101_ws/install/so101_moveit_config/share/so101_moveit_config/launch/rsp.launch.py
[0.438s] -- Installing: /home/ljq/so101_ws/install/so101_moveit_config/share/so101_moveit_config/config
[0.438s] -- Installing: /home/ljq/so101_ws/install/so101_moveit_config/share/so101_moveit_config/config/joint_limits.yaml
[0.438s] -- Installing: /home/ljq/so101_ws/install/so101_moveit_config/share/so101_moveit_config/config/moveit.rviz
[0.438s] -- Installing: /home/ljq/so101_ws/install/so101_moveit_config/share/so101_moveit_config/config/so101_new_calib.srdf
[0.438s] -- Installing: /home/ljq/so101_ws/install/so101_moveit_config/share/so101_moveit_config/config/pilz_cartesian_limits.yaml
[0.438s] -- Installing: /home/ljq/so101_ws/install/so101_moveit_config/share/so101_moveit_config/config/kinematics.yaml
[0.438s] -- Installing: /home/ljq/so101_ws/install/so101_moveit_config/share/so101_moveit_config/.setup_assistant
[0.440s] Invoked command in '/home/ljq/so101_ws/build/so101_moveit_config' returned '0': AMENT_PREFIX_PATH=/home/ljq/so101_ws/install/so101_description:${AMENT_PREFIX_PATH} CMAKE_PREFIX_PATH=/home/ljq/so101_ws/install/so101_description:/opt/ros/humble /usr/bin/cmake --install /home/ljq/so101_ws/build/so101_moveit_config
