-- Install configuration: ""
-- Up-to-date: /home/ljq/so101_ws/install/so101_description/share/so101_description/urdf
-- Up-to-date: /home/ljq/so101_ws/install/so101_description/share/so101_description/urdf/so101_new_calib.urdf
-- Up-to-date: /home/ljq/so101_ws/install/so101_description/share/so101_description/assets
-- Up-to-date: /home/ljq/so101_ws/install/so101_description/share/so101_description/assets/upper_arm_so101_v1.part
-- Up-to-date: /home/ljq/so101_ws/install/so101_description/share/so101_description/assets/base_so101_v2.part
-- Up-to-date: /home/ljq/so101_ws/install/so101_description/share/so101_description/assets/under_arm_so101_v1.stl
-- Up-to-date: /home/ljq/so101_ws/install/so101_description/share/so101_description/assets/base_motor_holder_so101_v1.stl
-- Up-to-date: /home/ljq/so101_ws/install/so101_description/share/so101_description/assets/motor_holder_so101_wrist_v1.stl
-- Up-to-date: /home/ljq/so101_ws/install/so101_description/share/so101_description/assets/moving_jaw_so101_v1.stl
-- Up-to-date: /home/ljq/so101_ws/install/so101_description/share/so101_description/assets/wrist_roll_pitch_so101_v2.part
-- Up-to-date: /home/ljq/so101_ws/install/so101_description/share/so101_description/assets/motor_holder_so101_wrist_v1.part
-- Up-to-date: /home/ljq/so101_ws/install/so101_description/share/so101_description/assets/sts3215_03a_no_horn_v1.part
-- Up-to-date: /home/ljq/so101_ws/install/so101_description/share/so101_description/assets/wrist_roll_pitch_so101_v2.stl
-- Up-to-date: /home/ljq/so101_ws/install/so101_description/share/so101_description/assets/base_so101_v2.stl
-- Up-to-date: /home/ljq/so101_ws/install/so101_description/share/so101_description/assets/base_motor_holder_so101_v1.part
-- Up-to-date: /home/ljq/so101_ws/install/so101_description/share/so101_description/assets/sts3215_03a_no_horn_v1.stl
-- Up-to-date: /home/ljq/so101_ws/install/so101_description/share/so101_description/assets/motor_holder_so101_base_v1.stl
-- Up-to-date: /home/ljq/so101_ws/install/so101_description/share/so101_description/assets/moving_jaw_so101_v1.part
-- Up-to-date: /home/ljq/so101_ws/install/so101_description/share/so101_description/assets/sts3215_03a_v1.stl
-- Up-to-date: /home/ljq/so101_ws/install/so101_description/share/so101_description/assets/motor_holder_so101_base_v1.part
-- Up-to-date: /home/ljq/so101_ws/install/so101_description/share/so101_description/assets/wrist_roll_follower_so101_v1.part
-- Up-to-date: /home/ljq/so101_ws/install/so101_description/share/so101_description/assets/sts3215_03a_v1.part
-- Up-to-date: /home/ljq/so101_ws/install/so101_description/share/so101_description/assets/under_arm_so101_v1.part
-- Up-to-date: /home/ljq/so101_ws/install/so101_description/share/so101_description/assets/waveshare_mounting_plate_so101_v2.stl
-- Up-to-date: /home/ljq/so101_ws/install/so101_description/share/so101_description/assets/waveshare_mounting_plate_so101_v2.part
-- Up-to-date: /home/ljq/so101_ws/install/so101_description/share/so101_description/assets/wrist_roll_follower_so101_v1.stl
-- Up-to-date: /home/ljq/so101_ws/install/so101_description/share/so101_description/assets/rotation_pitch_so101_v1.stl
-- Up-to-date: /home/ljq/so101_ws/install/so101_description/share/so101_description/assets/upper_arm_so101_v1.stl
-- Up-to-date: /home/ljq/so101_ws/install/so101_description/share/so101_description/assets/rotation_pitch_so101_v1.part
-- Up-to-date: /home/ljq/so101_ws/install/so101_description/share/ament_index/resource_index/package_run_dependencies/so101_description
-- Up-to-date: /home/ljq/so101_ws/install/so101_description/share/ament_index/resource_index/parent_prefix_path/so101_description
-- Up-to-date: /home/ljq/so101_ws/install/so101_description/share/so101_description/environment/ament_prefix_path.sh
-- Up-to-date: /home/ljq/so101_ws/install/so101_description/share/so101_description/environment/ament_prefix_path.dsv
-- Up-to-date: /home/ljq/so101_ws/install/so101_description/share/so101_description/environment/path.sh
-- Up-to-date: /home/ljq/so101_ws/install/so101_description/share/so101_description/environment/path.dsv
-- Up-to-date: /home/ljq/so101_ws/install/so101_description/share/so101_description/local_setup.bash
-- Up-to-date: /home/ljq/so101_ws/install/so101_description/share/so101_description/local_setup.sh
-- Up-to-date: /home/ljq/so101_ws/install/so101_description/share/so101_description/local_setup.zsh
-- Up-to-date: /home/ljq/so101_ws/install/so101_description/share/so101_description/local_setup.dsv
-- Up-to-date: /home/ljq/so101_ws/install/so101_description/share/so101_description/package.dsv
-- Up-to-date: /home/ljq/so101_ws/install/so101_description/share/ament_index/resource_index/packages/so101_description
-- Up-to-date: /home/ljq/so101_ws/install/so101_description/share/so101_description/cmake/so101_descriptionConfig.cmake
-- Up-to-date: /home/ljq/so101_ws/install/so101_description/share/so101_description/cmake/so101_descriptionConfig-version.cmake
-- Up-to-date: /home/ljq/so101_ws/install/so101_description/share/so101_description/package.xml
