[0.007s] Invoking command in '/home/ljq/so101_ws/build/so101_description': CMAKE_PREFIX_PATH=/opt/ros/humble /usr/bin/cmake --build /home/ljq/so101_ws/build/so101_description -- -j2 -l2
[0.040s] Invoked command in '/home/ljq/so101_ws/build/so101_description' returned '0': CMAKE_PREFIX_PATH=/opt/ros/humble /usr/bin/cmake --build /home/ljq/so101_ws/build/so101_description -- -j2 -l2
[0.048s] Invoking command in '/home/ljq/so101_ws/build/so101_description': CMAKE_PREFIX_PATH=/opt/ros/humble /usr/bin/cmake --install /home/ljq/so101_ws/build/so101_description
[0.052s] -- Install configuration: ""
[0.052s] -- Up-to-date: /home/ljq/so101_ws/install/so101_description/share/so101_description/urdf
[0.052s] -- Up-to-date: /home/ljq/so101_ws/install/so101_description/share/so101_description/urdf/so101_new_calib.urdf
[0.052s] -- Up-to-date: /home/ljq/so101_ws/install/so101_description/share/so101_description/assets
[0.052s] -- Up-to-date: /home/ljq/so101_ws/install/so101_description/share/so101_description/assets/upper_arm_so101_v1.part
[0.052s] -- Up-to-date: /home/ljq/so101_ws/install/so101_description/share/so101_description/assets/base_so101_v2.part
[0.052s] -- Up-to-date: /home/ljq/so101_ws/install/so101_description/share/so101_description/assets/under_arm_so101_v1.stl
[0.052s] -- Up-to-date: /home/ljq/so101_ws/install/so101_description/share/so101_description/assets/base_motor_holder_so101_v1.stl
[0.052s] -- Up-to-date: /home/ljq/so101_ws/install/so101_description/share/so101_description/assets/motor_holder_so101_wrist_v1.stl
[0.052s] -- Up-to-date: /home/ljq/so101_ws/install/so101_description/share/so101_description/assets/moving_jaw_so101_v1.stl
[0.052s] -- Up-to-date: /home/ljq/so101_ws/install/so101_description/share/so101_description/assets/wrist_roll_pitch_so101_v2.part
[0.053s] -- Up-to-date: /home/ljq/so101_ws/install/so101_description/share/so101_description/assets/motor_holder_so101_wrist_v1.part
[0.053s] -- Up-to-date: /home/ljq/so101_ws/install/so101_description/share/so101_description/assets/sts3215_03a_no_horn_v1.part
[0.053s] -- Up-to-date: /home/ljq/so101_ws/install/so101_description/share/so101_description/assets/wrist_roll_pitch_so101_v2.stl
[0.053s] -- Up-to-date: /home/ljq/so101_ws/install/so101_description/share/so101_description/assets/base_so101_v2.stl
[0.053s] -- Up-to-date: /home/ljq/so101_ws/install/so101_description/share/so101_description/assets/base_motor_holder_so101_v1.part
[0.053s] -- Up-to-date: /home/ljq/so101_ws/install/so101_description/share/so101_description/assets/sts3215_03a_no_horn_v1.stl
[0.053s] -- Up-to-date: /home/ljq/so101_ws/install/so101_description/share/so101_description/assets/motor_holder_so101_base_v1.stl
[0.053s] -- Up-to-date: /home/ljq/so101_ws/install/so101_description/share/so101_description/assets/moving_jaw_so101_v1.part
[0.053s] -- Up-to-date: /home/ljq/so101_ws/install/so101_description/share/so101_description/assets/sts3215_03a_v1.stl
[0.053s] -- Up-to-date: /home/ljq/so101_ws/install/so101_description/share/so101_description/assets/motor_holder_so101_base_v1.part
[0.053s] -- Up-to-date: /home/ljq/so101_ws/install/so101_description/share/so101_description/assets/wrist_roll_follower_so101_v1.part
[0.053s] -- Up-to-date: /home/ljq/so101_ws/install/so101_description/share/so101_description/assets/sts3215_03a_v1.part
[0.053s] -- Up-to-date: /home/ljq/so101_ws/install/so101_description/share/so101_description/assets/under_arm_so101_v1.part
[0.053s] -- Up-to-date: /home/ljq/so101_ws/install/so101_description/share/so101_description/assets/waveshare_mounting_plate_so101_v2.stl
[0.053s] -- Up-to-date: /home/ljq/so101_ws/install/so101_description/share/so101_description/assets/waveshare_mounting_plate_so101_v2.part
[0.053s] -- Up-to-date: /home/ljq/so101_ws/install/so101_description/share/so101_description/assets/wrist_roll_follower_so101_v1.stl
[0.053s] -- Up-to-date: /home/ljq/so101_ws/install/so101_description/share/so101_description/assets/rotation_pitch_so101_v1.stl
[0.053s] -- Up-to-date: /home/ljq/so101_ws/install/so101_description/share/so101_description/assets/upper_arm_so101_v1.stl
[0.054s] -- Up-to-date: /home/ljq/so101_ws/install/so101_description/share/so101_description/assets/rotation_pitch_so101_v1.part
[0.054s] -- Up-to-date: /home/ljq/so101_ws/install/so101_description/share/ament_index/resource_index/package_run_dependencies/so101_description
[0.054s] -- Up-to-date: /home/ljq/so101_ws/install/so101_description/share/ament_index/resource_index/parent_prefix_path/so101_description
[0.054s] -- Up-to-date: /home/ljq/so101_ws/install/so101_description/share/so101_description/environment/ament_prefix_path.sh
[0.054s] -- Up-to-date: /home/ljq/so101_ws/install/so101_description/share/so101_description/environment/ament_prefix_path.dsv
[0.054s] -- Up-to-date: /home/ljq/so101_ws/install/so101_description/share/so101_description/environment/path.sh
[0.054s] -- Up-to-date: /home/ljq/so101_ws/install/so101_description/share/so101_description/environment/path.dsv
[0.054s] -- Up-to-date: /home/ljq/so101_ws/install/so101_description/share/so101_description/local_setup.bash
[0.054s] -- Up-to-date: /home/ljq/so101_ws/install/so101_description/share/so101_description/local_setup.sh
[0.054s] -- Up-to-date: /home/ljq/so101_ws/install/so101_description/share/so101_description/local_setup.zsh
[0.054s] -- Up-to-date: /home/ljq/so101_ws/install/so101_description/share/so101_description/local_setup.dsv
[0.054s] -- Up-to-date: /home/ljq/so101_ws/install/so101_description/share/so101_description/package.dsv
[0.054s] -- Up-to-date: /home/ljq/so101_ws/install/so101_description/share/ament_index/resource_index/packages/so101_description
[0.054s] -- Up-to-date: /home/ljq/so101_ws/install/so101_description/share/so101_description/cmake/so101_descriptionConfig.cmake
[0.054s] -- Up-to-date: /home/ljq/so101_ws/install/so101_description/share/so101_description/cmake/so101_descriptionConfig-version.cmake
[0.054s] -- Up-to-date: /home/ljq/so101_ws/install/so101_description/share/so101_description/package.xml
[0.055s] Invoked command in '/home/ljq/so101_ws/build/so101_description' returned '0': CMAKE_PREFIX_PATH=/opt/ros/humble /usr/bin/cmake --install /home/ljq/so101_ws/build/so101_description
