[0.079s] DEBUG:colcon:Command line arguments: ['/usr/bin/colcon', 'build']
[0.079s] DEBUG:colcon:Parsed command line arguments: Namespace(log_base=None, log_level=None, verb_name='build', build_base='build', install_base='install', merge_install=False, symlink_install=False, test_result_base=None, continue_on_error=False, executor='parallel', parallel_workers=2, event_handlers=None, ignore_user_meta=False, metas=['./colcon.meta'], base_paths=['.'], packages_ignore=None, packages_ignore_regex=None, paths=None, packages_up_to=None, packages_up_to_regex=None, packages_above=None, packages_above_and_dependencies=None, packages_above_depth=None, packages_select_by_dep=None, packages_skip_by_dep=None, packages_skip_up_to=None, packages_select_build_failed=False, packages_skip_build_finished=False, packages_select_test_failures=False, packages_skip_test_passed=False, packages_select=None, packages_skip=None, packages_select_regex=None, packages_skip_regex=None, packages_start=None, packages_end=None, allow_overriding=[], cmake_args=None, cmake_target=None, cmake_target_skip_unavailable=False, cmake_clean_cache=False, cmake_clean_first=False, cmake_force_configure=False, ament_cmake_args=None, catkin_cmake_args=None, catkin_skip_building_tests=False, mixin_files=None, mixin=None, verb_parser=<colcon_mixin.mixin.mixin_argument.MixinArgumentDecorator object at 0x75ab1d85d4b0>, verb_extension=<colcon_core.verb.build.BuildVerb object at 0x75ab1d85cf40>, main=<bound method BuildVerb.main of <colcon_core.verb.build.BuildVerb object at 0x75ab1d85cf40>>, mixin_verb=('build',))
[0.171s] Level 1:colcon.colcon_core.package_discovery:discover_packages(colcon_meta) check parameters
[0.172s] Level 1:colcon.colcon_core.package_discovery:discover_packages(recursive) check parameters
[0.172s] Level 1:colcon.colcon_core.package_discovery:discover_packages(ignore) check parameters
[0.172s] Level 1:colcon.colcon_core.package_discovery:discover_packages(path) check parameters
[0.172s] Level 1:colcon.colcon_core.package_discovery:discover_packages(colcon_meta) discover
[0.172s] Level 1:colcon.colcon_core.package_discovery:discover_packages(recursive) discover
[0.172s] INFO:colcon.colcon_core.package_discovery:Crawling recursively for packages in '/home/ljq/so101_ws'
[0.172s] Level 1:colcon.colcon_core.package_identification:_identify(.) by extensions ['ignore', 'ignore_ament_install']
[0.172s] Level 1:colcon.colcon_core.package_identification:_identify(.) by extension 'ignore'
[0.172s] Level 1:colcon.colcon_core.package_identification:_identify(.) by extension 'ignore_ament_install'
[0.172s] Level 1:colcon.colcon_core.package_identification:_identify(.) by extensions ['colcon_pkg']
[0.172s] Level 1:colcon.colcon_core.package_identification:_identify(.) by extension 'colcon_pkg'
[0.172s] Level 1:colcon.colcon_core.package_identification:_identify(.) by extensions ['colcon_meta']
[0.172s] Level 1:colcon.colcon_core.package_identification:_identify(.) by extension 'colcon_meta'
[0.172s] Level 1:colcon.colcon_core.package_identification:_identify(.) by extensions ['ros']
[0.172s] Level 1:colcon.colcon_core.package_identification:_identify(.) by extension 'ros'
[0.179s] Level 1:colcon.colcon_core.package_identification:_identify(.) by extensions ['cmake', 'python']
[0.179s] Level 1:colcon.colcon_core.package_identification:_identify(.) by extension 'cmake'
[0.179s] Level 1:colcon.colcon_core.package_identification:_identify(.) by extension 'python'
[0.179s] Level 1:colcon.colcon_core.package_identification:_identify(.) by extensions ['python_setup_py']
[0.179s] Level 1:colcon.colcon_core.package_identification:_identify(.) by extension 'python_setup_py'
[0.179s] Level 1:colcon.colcon_core.package_identification:_identify(build) by extensions ['ignore', 'ignore_ament_install']
[0.179s] Level 1:colcon.colcon_core.package_identification:_identify(build) by extension 'ignore'
[0.179s] Level 1:colcon.colcon_core.package_identification:_identify(build) ignored
[0.179s] Level 1:colcon.colcon_core.package_identification:_identify(install) by extensions ['ignore', 'ignore_ament_install']
[0.179s] Level 1:colcon.colcon_core.package_identification:_identify(install) by extension 'ignore'
[0.179s] Level 1:colcon.colcon_core.package_identification:_identify(install) ignored
[0.179s] Level 1:colcon.colcon_core.package_identification:_identify(log) by extensions ['ignore', 'ignore_ament_install']
[0.179s] Level 1:colcon.colcon_core.package_identification:_identify(log) by extension 'ignore'
[0.179s] Level 1:colcon.colcon_core.package_identification:_identify(log) ignored
[0.179s] Level 1:colcon.colcon_core.package_identification:_identify(src) by extensions ['ignore', 'ignore_ament_install']
[0.179s] Level 1:colcon.colcon_core.package_identification:_identify(src) by extension 'ignore'
[0.179s] Level 1:colcon.colcon_core.package_identification:_identify(src) by extension 'ignore_ament_install'
[0.179s] Level 1:colcon.colcon_core.package_identification:_identify(src) by extensions ['colcon_pkg']
[0.179s] Level 1:colcon.colcon_core.package_identification:_identify(src) by extension 'colcon_pkg'
[0.179s] Level 1:colcon.colcon_core.package_identification:_identify(src) by extensions ['colcon_meta']
[0.179s] Level 1:colcon.colcon_core.package_identification:_identify(src) by extension 'colcon_meta'
[0.179s] Level 1:colcon.colcon_core.package_identification:_identify(src) by extensions ['ros']
[0.179s] Level 1:colcon.colcon_core.package_identification:_identify(src) by extension 'ros'
[0.179s] Level 1:colcon.colcon_core.package_identification:_identify(src) by extensions ['cmake', 'python']
[0.179s] Level 1:colcon.colcon_core.package_identification:_identify(src) by extension 'cmake'
[0.179s] Level 1:colcon.colcon_core.package_identification:_identify(src) by extension 'python'
[0.179s] Level 1:colcon.colcon_core.package_identification:_identify(src) by extensions ['python_setup_py']
[0.179s] Level 1:colcon.colcon_core.package_identification:_identify(src) by extension 'python_setup_py'
[0.179s] Level 1:colcon.colcon_core.package_identification:_identify(src/so101_description) by extensions ['ignore', 'ignore_ament_install']
[0.179s] Level 1:colcon.colcon_core.package_identification:_identify(src/so101_description) by extension 'ignore'
[0.179s] Level 1:colcon.colcon_core.package_identification:_identify(src/so101_description) by extension 'ignore_ament_install'
[0.179s] Level 1:colcon.colcon_core.package_identification:_identify(src/so101_description) by extensions ['colcon_pkg']
[0.179s] Level 1:colcon.colcon_core.package_identification:_identify(src/so101_description) by extension 'colcon_pkg'
[0.179s] Level 1:colcon.colcon_core.package_identification:_identify(src/so101_description) by extensions ['colcon_meta']
[0.179s] Level 1:colcon.colcon_core.package_identification:_identify(src/so101_description) by extension 'colcon_meta'
[0.179s] Level 1:colcon.colcon_core.package_identification:_identify(src/so101_description) by extensions ['ros']
[0.179s] Level 1:colcon.colcon_core.package_identification:_identify(src/so101_description) by extension 'ros'
[0.181s] DEBUG:colcon.colcon_core.package_identification:Package 'src/so101_description' with type 'ros.ament_cmake' and name 'so101_description'
[0.181s] Level 1:colcon.colcon_core.package_discovery:discover_packages(recursive) using defaults
[0.181s] Level 1:colcon.colcon_core.package_discovery:discover_packages(ignore) discover
[0.181s] Level 1:colcon.colcon_core.package_discovery:discover_packages(ignore) using defaults
[0.182s] Level 1:colcon.colcon_core.package_discovery:discover_packages(path) discover
[0.182s] Level 1:colcon.colcon_core.package_discovery:discover_packages(path) using defaults
[0.203s] Level 1:colcon.colcon_core.package_discovery:discover_packages(prefix_path) check parameters
[0.203s] Level 1:colcon.colcon_core.package_discovery:discover_packages(prefix_path) discover
[0.206s] DEBUG:colcon.colcon_installed_package_information.package_discovery:Found 59 installed packages in /home/ljq/moveit2_ws/install
[0.207s] DEBUG:colcon.colcon_installed_package_information.package_discovery:Found 21 installed packages in /home/ljq/dev_ws/install
[0.207s] DEBUG:colcon.colcon_installed_package_information.package_discovery:Found 321 installed packages in /opt/ros/humble
[0.208s] Level 1:colcon.colcon_core.package_discovery:discover_packages(prefix_path) using defaults
[0.234s] Level 5:colcon.colcon_core.verb:set package 'so101_description' build argument 'cmake_args' from command line to 'None'
[0.234s] Level 5:colcon.colcon_core.verb:set package 'so101_description' build argument 'cmake_target' from command line to 'None'
[0.234s] Level 5:colcon.colcon_core.verb:set package 'so101_description' build argument 'cmake_target_skip_unavailable' from command line to 'False'
[0.234s] Level 5:colcon.colcon_core.verb:set package 'so101_description' build argument 'cmake_clean_cache' from command line to 'False'
[0.234s] Level 5:colcon.colcon_core.verb:set package 'so101_description' build argument 'cmake_clean_first' from command line to 'False'
[0.234s] Level 5:colcon.colcon_core.verb:set package 'so101_description' build argument 'cmake_force_configure' from command line to 'False'
[0.234s] Level 5:colcon.colcon_core.verb:set package 'so101_description' build argument 'ament_cmake_args' from command line to 'None'
[0.234s] Level 5:colcon.colcon_core.verb:set package 'so101_description' build argument 'catkin_cmake_args' from command line to 'None'
[0.234s] Level 5:colcon.colcon_core.verb:set package 'so101_description' build argument 'catkin_skip_building_tests' from command line to 'False'
[0.234s] DEBUG:colcon.colcon_core.verb:Building package 'so101_description' with the following arguments: {'ament_cmake_args': None, 'build_base': '/home/ljq/so101_ws/build/so101_description', 'catkin_cmake_args': None, 'catkin_skip_building_tests': False, 'cmake_args': None, 'cmake_clean_cache': False, 'cmake_clean_first': False, 'cmake_force_configure': False, 'cmake_target': None, 'cmake_target_skip_unavailable': False, 'install_base': '/home/ljq/so101_ws/install/so101_description', 'merge_install': False, 'path': '/home/ljq/so101_ws/src/so101_description', 'symlink_install': False, 'test_result_base': None}
[0.234s] INFO:colcon.colcon_core.executor:Executing jobs using 'parallel' executor
[0.235s] DEBUG:colcon.colcon_parallel_executor.executor.parallel:run_until_complete
[0.235s] INFO:colcon.colcon_ros.task.ament_cmake.build:Building ROS package in '/home/ljq/so101_ws/src/so101_description' with build type 'ament_cmake'
[0.235s] INFO:colcon.colcon_cmake.task.cmake.build:Building CMake package in '/home/ljq/so101_ws/src/so101_description'
[0.237s] INFO:colcon.colcon_core.plugin_system:Skipping extension 'colcon_core.shell.bat': Not used on non-Windows systems
[0.237s] INFO:colcon.colcon_core.shell:Skip shell extension 'powershell' for command environment: Not usable outside of PowerShell
[0.237s] DEBUG:colcon.colcon_core.shell:Skip shell extension 'dsv' for command environment
[0.246s] DEBUG:colcon.colcon_core.event_handler.log_command:Invoking command in '/home/ljq/so101_ws/build/so101_description': CMAKE_PREFIX_PATH=${CMAKE_PREFIX_PATH}:/home/ljq/moveit2_ws/install/moveit_configs_utils:/home/ljq/moveit2_ws/install/launch_param_builder:/home/ljq/dev_ws/install/learning_urdf:/home/ljq/dev_ws/install/learning_topic:/home/ljq/dev_ws/install/learning_tf:/home/ljq/dev_ws/install/learning_service:/home/ljq/dev_ws/install/learning_qos:/home/ljq/dev_ws/install/learning_pkg_python:/home/ljq/dev_ws/install/learning_parameter:/home/ljq/dev_ws/install/learning_node:/home/ljq/dev_ws/install/learning_launch:/home/ljq/dev_ws/install/learning_action:/home/ljq/dev_ws/install/learning_gazebo_harmonic:/home/ljq/dev_ws/install/learning_gazebo:/home/ljq/dev_ws/install/learning_cv:/opt/ros/humble /usr/bin/cmake /home/ljq/so101_ws/src/so101_description -DCMAKE_INSTALL_PREFIX=/home/ljq/so101_ws/install/so101_description
[0.802s] DEBUG:colcon.colcon_core.event_handler.log_command:Invoked command in '/home/ljq/so101_ws/build/so101_description' returned '0': CMAKE_PREFIX_PATH=${CMAKE_PREFIX_PATH}:/home/ljq/moveit2_ws/install/moveit_configs_utils:/home/ljq/moveit2_ws/install/launch_param_builder:/home/ljq/dev_ws/install/learning_urdf:/home/ljq/dev_ws/install/learning_topic:/home/ljq/dev_ws/install/learning_tf:/home/ljq/dev_ws/install/learning_service:/home/ljq/dev_ws/install/learning_qos:/home/ljq/dev_ws/install/learning_pkg_python:/home/ljq/dev_ws/install/learning_parameter:/home/ljq/dev_ws/install/learning_node:/home/ljq/dev_ws/install/learning_launch:/home/ljq/dev_ws/install/learning_action:/home/ljq/dev_ws/install/learning_gazebo_harmonic:/home/ljq/dev_ws/install/learning_gazebo:/home/ljq/dev_ws/install/learning_cv:/opt/ros/humble /usr/bin/cmake /home/ljq/so101_ws/src/so101_description -DCMAKE_INSTALL_PREFIX=/home/ljq/so101_ws/install/so101_description
[0.803s] DEBUG:colcon.colcon_core.event_handler.log_command:Invoking command in '/home/ljq/so101_ws/build/so101_description': CMAKE_PREFIX_PATH=${CMAKE_PREFIX_PATH}:/home/ljq/moveit2_ws/install/moveit_configs_utils:/home/ljq/moveit2_ws/install/launch_param_builder:/home/ljq/dev_ws/install/learning_urdf:/home/ljq/dev_ws/install/learning_topic:/home/ljq/dev_ws/install/learning_tf:/home/ljq/dev_ws/install/learning_service:/home/ljq/dev_ws/install/learning_qos:/home/ljq/dev_ws/install/learning_pkg_python:/home/ljq/dev_ws/install/learning_parameter:/home/ljq/dev_ws/install/learning_node:/home/ljq/dev_ws/install/learning_launch:/home/ljq/dev_ws/install/learning_action:/home/ljq/dev_ws/install/learning_gazebo_harmonic:/home/ljq/dev_ws/install/learning_gazebo:/home/ljq/dev_ws/install/learning_cv:/opt/ros/humble /usr/bin/cmake --build /home/ljq/so101_ws/build/so101_description -- -j2 -l2
[0.835s] DEBUG:colcon.colcon_core.event_handler.log_command:Invoked command in '/home/ljq/so101_ws/build/so101_description' returned '0': CMAKE_PREFIX_PATH=${CMAKE_PREFIX_PATH}:/home/ljq/moveit2_ws/install/moveit_configs_utils:/home/ljq/moveit2_ws/install/launch_param_builder:/home/ljq/dev_ws/install/learning_urdf:/home/ljq/dev_ws/install/learning_topic:/home/ljq/dev_ws/install/learning_tf:/home/ljq/dev_ws/install/learning_service:/home/ljq/dev_ws/install/learning_qos:/home/ljq/dev_ws/install/learning_pkg_python:/home/ljq/dev_ws/install/learning_parameter:/home/ljq/dev_ws/install/learning_node:/home/ljq/dev_ws/install/learning_launch:/home/ljq/dev_ws/install/learning_action:/home/ljq/dev_ws/install/learning_gazebo_harmonic:/home/ljq/dev_ws/install/learning_gazebo:/home/ljq/dev_ws/install/learning_cv:/opt/ros/humble /usr/bin/cmake --build /home/ljq/so101_ws/build/so101_description -- -j2 -l2
[0.843s] DEBUG:colcon.colcon_core.event_handler.log_command:Invoking command in '/home/ljq/so101_ws/build/so101_description': CMAKE_PREFIX_PATH=${CMAKE_PREFIX_PATH}:/home/ljq/moveit2_ws/install/moveit_configs_utils:/home/ljq/moveit2_ws/install/launch_param_builder:/home/ljq/dev_ws/install/learning_urdf:/home/ljq/dev_ws/install/learning_topic:/home/ljq/dev_ws/install/learning_tf:/home/ljq/dev_ws/install/learning_service:/home/ljq/dev_ws/install/learning_qos:/home/ljq/dev_ws/install/learning_pkg_python:/home/ljq/dev_ws/install/learning_parameter:/home/ljq/dev_ws/install/learning_node:/home/ljq/dev_ws/install/learning_launch:/home/ljq/dev_ws/install/learning_action:/home/ljq/dev_ws/install/learning_gazebo_harmonic:/home/ljq/dev_ws/install/learning_gazebo:/home/ljq/dev_ws/install/learning_cv:/opt/ros/humble /usr/bin/cmake --install /home/ljq/so101_ws/build/so101_description
[0.861s] Level 1:colcon.colcon_core.environment:create_environment_scripts_only(so101_description)
[0.862s] DEBUG:colcon.colcon_core.event_handler.log_command:Invoked command in '/home/ljq/so101_ws/build/so101_description' returned '0': CMAKE_PREFIX_PATH=${CMAKE_PREFIX_PATH}:/home/ljq/moveit2_ws/install/moveit_configs_utils:/home/ljq/moveit2_ws/install/launch_param_builder:/home/ljq/dev_ws/install/learning_urdf:/home/ljq/dev_ws/install/learning_topic:/home/ljq/dev_ws/install/learning_tf:/home/ljq/dev_ws/install/learning_service:/home/ljq/dev_ws/install/learning_qos:/home/ljq/dev_ws/install/learning_pkg_python:/home/ljq/dev_ws/install/learning_parameter:/home/ljq/dev_ws/install/learning_node:/home/ljq/dev_ws/install/learning_launch:/home/ljq/dev_ws/install/learning_action:/home/ljq/dev_ws/install/learning_gazebo_harmonic:/home/ljq/dev_ws/install/learning_gazebo:/home/ljq/dev_ws/install/learning_cv:/opt/ros/humble /usr/bin/cmake --install /home/ljq/so101_ws/build/so101_description
[0.863s] Level 1:colcon.colcon_core.environment:checking '/home/ljq/so101_ws/install/so101_description' for CMake module files
[0.864s] Level 1:colcon.colcon_core.environment:checking '/home/ljq/so101_ws/install/so101_description' for CMake config files
[0.864s] Level 1:colcon.colcon_core.shell:create_environment_hook('so101_description', 'cmake_prefix_path')
[0.864s] INFO:colcon.colcon_core.shell:Creating environment hook '/home/ljq/so101_ws/install/so101_description/share/so101_description/hook/cmake_prefix_path.ps1'
[0.865s] INFO:colcon.colcon_core.shell:Creating environment descriptor '/home/ljq/so101_ws/install/so101_description/share/so101_description/hook/cmake_prefix_path.dsv'
[0.867s] INFO:colcon.colcon_core.shell:Creating environment hook '/home/ljq/so101_ws/install/so101_description/share/so101_description/hook/cmake_prefix_path.sh'
[0.868s] Level 1:colcon.colcon_core.environment:checking '/home/ljq/so101_ws/install/so101_description/bin'
[0.868s] Level 1:colcon.colcon_core.environment:checking '/home/ljq/so101_ws/install/so101_description/lib/pkgconfig/so101_description.pc'
[0.868s] Level 1:colcon.colcon_core.environment:checking '/home/ljq/so101_ws/install/so101_description/lib/python3.10/site-packages'
[0.868s] Level 1:colcon.colcon_core.environment:checking '/home/ljq/so101_ws/install/so101_description/bin'
[0.869s] INFO:colcon.colcon_core.shell:Creating package script '/home/ljq/so101_ws/install/so101_description/share/so101_description/package.ps1'
[0.869s] INFO:colcon.colcon_core.shell:Creating package descriptor '/home/ljq/so101_ws/install/so101_description/share/so101_description/package.dsv'
[0.870s] INFO:colcon.colcon_core.shell:Creating package script '/home/ljq/so101_ws/install/so101_description/share/so101_description/package.sh'
[0.870s] INFO:colcon.colcon_core.shell:Creating package script '/home/ljq/so101_ws/install/so101_description/share/so101_description/package.bash'
[0.870s] INFO:colcon.colcon_core.shell:Creating package script '/home/ljq/so101_ws/install/so101_description/share/so101_description/package.zsh'
[0.871s] Level 1:colcon.colcon_core.environment:create_file_with_runtime_dependencies(/home/ljq/so101_ws/install/so101_description/share/colcon-core/packages/so101_description)
[0.871s] Level 1:colcon.colcon_core.environment:create_environment_scripts_only(so101_description)
[0.871s] Level 1:colcon.colcon_core.environment:checking '/home/ljq/so101_ws/install/so101_description' for CMake module files
[0.871s] Level 1:colcon.colcon_core.environment:checking '/home/ljq/so101_ws/install/so101_description' for CMake config files
[0.871s] Level 1:colcon.colcon_core.shell:create_environment_hook('so101_description', 'cmake_prefix_path')
[0.872s] INFO:colcon.colcon_core.shell:Creating environment hook '/home/ljq/so101_ws/install/so101_description/share/so101_description/hook/cmake_prefix_path.ps1'
[0.872s] INFO:colcon.colcon_core.shell:Creating environment descriptor '/home/ljq/so101_ws/install/so101_description/share/so101_description/hook/cmake_prefix_path.dsv'
[0.872s] INFO:colcon.colcon_core.shell:Creating environment hook '/home/ljq/so101_ws/install/so101_description/share/so101_description/hook/cmake_prefix_path.sh'
[0.873s] Level 1:colcon.colcon_core.environment:checking '/home/ljq/so101_ws/install/so101_description/bin'
[0.873s] Level 1:colcon.colcon_core.environment:checking '/home/ljq/so101_ws/install/so101_description/lib/pkgconfig/so101_description.pc'
[0.873s] Level 1:colcon.colcon_core.environment:checking '/home/ljq/so101_ws/install/so101_description/lib/python3.10/site-packages'
[0.873s] Level 1:colcon.colcon_core.environment:checking '/home/ljq/so101_ws/install/so101_description/bin'
[0.874s] INFO:colcon.colcon_core.shell:Creating package script '/home/ljq/so101_ws/install/so101_description/share/so101_description/package.ps1'
[0.874s] INFO:colcon.colcon_core.shell:Creating package descriptor '/home/ljq/so101_ws/install/so101_description/share/so101_description/package.dsv'
[0.874s] INFO:colcon.colcon_core.shell:Creating package script '/home/ljq/so101_ws/install/so101_description/share/so101_description/package.sh'
[0.875s] INFO:colcon.colcon_core.shell:Creating package script '/home/ljq/so101_ws/install/so101_description/share/so101_description/package.bash'
[0.875s] INFO:colcon.colcon_core.shell:Creating package script '/home/ljq/so101_ws/install/so101_description/share/so101_description/package.zsh'
[0.875s] Level 1:colcon.colcon_core.environment:create_file_with_runtime_dependencies(/home/ljq/so101_ws/install/so101_description/share/colcon-core/packages/so101_description)
[0.875s] DEBUG:colcon.colcon_parallel_executor.executor.parallel:closing loop
[0.876s] DEBUG:colcon.colcon_parallel_executor.executor.parallel:loop closed
[0.876s] DEBUG:colcon.colcon_parallel_executor.executor.parallel:run_until_complete finished with '0'
[0.876s] DEBUG:colcon.colcon_core.event_reactor:joining thread
[0.880s] INFO:colcon.colcon_core.plugin_system:Skipping extension 'colcon_notification.desktop_notification.terminal_notifier': Not used on non-Darwin systems
[0.880s] INFO:colcon.colcon_core.plugin_system:Skipping extension 'colcon_notification.desktop_notification.win32': Not used on non-Windows systems
[0.880s] INFO:colcon.colcon_notification.desktop_notification:Sending desktop notification using 'notify2'
[0.889s] DEBUG:colcon.colcon_core.event_reactor:joined thread
[0.889s] INFO:colcon.colcon_core.shell:Creating prefix script '/home/ljq/so101_ws/install/local_setup.ps1'
[0.891s] INFO:colcon.colcon_core.shell:Creating prefix util module '/home/ljq/so101_ws/install/_local_setup_util_ps1.py'
[0.891s] INFO:colcon.colcon_core.shell:Creating prefix chain script '/home/ljq/so101_ws/install/setup.ps1'
[0.893s] INFO:colcon.colcon_core.shell:Creating prefix script '/home/ljq/so101_ws/install/local_setup.sh'
[0.894s] INFO:colcon.colcon_core.shell:Creating prefix util module '/home/ljq/so101_ws/install/_local_setup_util_sh.py'
[0.894s] INFO:colcon.colcon_core.shell:Creating prefix chain script '/home/ljq/so101_ws/install/setup.sh'
[0.896s] INFO:colcon.colcon_core.shell:Creating prefix script '/home/ljq/so101_ws/install/local_setup.bash'
[0.896s] INFO:colcon.colcon_core.shell:Creating prefix chain script '/home/ljq/so101_ws/install/setup.bash'
[0.898s] INFO:colcon.colcon_core.shell:Creating prefix script '/home/ljq/so101_ws/install/local_setup.zsh'
[0.898s] INFO:colcon.colcon_core.shell:Creating prefix chain script '/home/ljq/so101_ws/install/setup.zsh'
