[0.009s] Invoking command in '/home/ljq/so101_ws/build/so101_moveit_config': AMENT_PREFIX_PATH=/home/ljq/so101_ws/install/so101_description:${AMENT_PREFIX_PATH} CMAKE_PREFIX_PATH=/home/ljq/so101_ws/install/so101_description:/opt/ros/humble /usr/bin/cmake --build /home/ljq/so101_ws/build/so101_moveit_config -- -j2 -l2
[0.039s] Invoked command in '/home/ljq/so101_ws/build/so101_moveit_config' returned '0': AMENT_PREFIX_PATH=/home/ljq/so101_ws/install/so101_description:${AMENT_PREFIX_PATH} CMAKE_PREFIX_PATH=/home/ljq/so101_ws/install/so101_description:/opt/ros/humble /usr/bin/cmake --build /home/ljq/so101_ws/build/so101_moveit_config -- -j2 -l2
[0.042s] Invoking command in '/home/ljq/so101_ws/build/so101_moveit_config': AMENT_PREFIX_PATH=/home/ljq/so101_ws/install/so101_description:${AMENT_PREFIX_PATH} CMAKE_PREFIX_PATH=/home/ljq/so101_ws/install/so101_description:/opt/ros/humble /usr/bin/cmake --install /home/ljq/so101_ws/build/so101_moveit_config
[0.046s] -- Install configuration: ""
[0.046s] -- Up-to-date: /home/ljq/so101_ws/install/so101_moveit_config/share/ament_index/resource_index/package_run_dependencies/so101_moveit_config
[0.046s] -- Up-to-date: /home/ljq/so101_ws/install/so101_moveit_config/share/ament_index/resource_index/parent_prefix_path/so101_moveit_config
[0.046s] -- Up-to-date: /home/ljq/so101_ws/install/so101_moveit_config/share/so101_moveit_config/environment/ament_prefix_path.sh
[0.046s] -- Up-to-date: /home/ljq/so101_ws/install/so101_moveit_config/share/so101_moveit_config/environment/ament_prefix_path.dsv
[0.046s] -- Up-to-date: /home/ljq/so101_ws/install/so101_moveit_config/share/so101_moveit_config/environment/path.sh
[0.046s] -- Up-to-date: /home/ljq/so101_ws/install/so101_moveit_config/share/so101_moveit_config/environment/path.dsv
[0.046s] -- Up-to-date: /home/ljq/so101_ws/install/so101_moveit_config/share/so101_moveit_config/local_setup.bash
[0.046s] -- Up-to-date: /home/ljq/so101_ws/install/so101_moveit_config/share/so101_moveit_config/local_setup.sh
[0.046s] -- Up-to-date: /home/ljq/so101_ws/install/so101_moveit_config/share/so101_moveit_config/local_setup.zsh
[0.046s] -- Up-to-date: /home/ljq/so101_ws/install/so101_moveit_config/share/so101_moveit_config/local_setup.dsv
[0.047s] -- Installing: /home/ljq/so101_ws/install/so101_moveit_config/share/so101_moveit_config/package.dsv
[0.047s] -- Up-to-date: /home/ljq/so101_ws/install/so101_moveit_config/share/ament_index/resource_index/packages/so101_moveit_config
[0.048s] -- Up-to-date: /home/ljq/so101_ws/install/so101_moveit_config/share/so101_moveit_config/cmake/so101_moveit_configConfig.cmake
[0.048s] -- Up-to-date: /home/ljq/so101_ws/install/so101_moveit_config/share/so101_moveit_config/cmake/so101_moveit_configConfig-version.cmake
[0.048s] -- Up-to-date: /home/ljq/so101_ws/install/so101_moveit_config/share/so101_moveit_config/package.xml
[0.048s] -- Up-to-date: /home/ljq/so101_ws/install/so101_moveit_config/share/so101_moveit_config/launch
[0.048s] -- Up-to-date: /home/ljq/so101_ws/install/so101_moveit_config/share/so101_moveit_config/launch/static_virtual_joint_tfs.launch.py
[0.048s] -- Up-to-date: /home/ljq/so101_ws/install/so101_moveit_config/share/so101_moveit_config/launch/demo.launch.py
[0.048s] -- Up-to-date: /home/ljq/so101_ws/install/so101_moveit_config/share/so101_moveit_config/launch/spawn_controllers.launch.py
[0.048s] -- Up-to-date: /home/ljq/so101_ws/install/so101_moveit_config/share/so101_moveit_config/launch/warehouse_db.launch.py
[0.048s] -- Up-to-date: /home/ljq/so101_ws/install/so101_moveit_config/share/so101_moveit_config/launch/setup_assistant.launch.py
[0.048s] -- Up-to-date: /home/ljq/so101_ws/install/so101_moveit_config/share/so101_moveit_config/launch/moveit_rviz.launch.py
[0.048s] -- Up-to-date: /home/ljq/so101_ws/install/so101_moveit_config/share/so101_moveit_config/launch/move_group.launch.py
[0.048s] -- Up-to-date: /home/ljq/so101_ws/install/so101_moveit_config/share/so101_moveit_config/launch/rsp.launch.py
[0.048s] -- Up-to-date: /home/ljq/so101_ws/install/so101_moveit_config/share/so101_moveit_config/config
[0.049s] -- Installing: /home/ljq/so101_ws/install/so101_moveit_config/share/so101_moveit_config/config/moveit_controllers.yaml
[0.049s] -- Installing: /home/ljq/so101_ws/install/so101_moveit_config/share/so101_moveit_config/config/ros2_controllers.yaml
[0.049s] -- Up-to-date: /home/ljq/so101_ws/install/so101_moveit_config/share/so101_moveit_config/config/joint_limits.yaml
[0.049s] -- Up-to-date: /home/ljq/so101_ws/install/so101_moveit_config/share/so101_moveit_config/config/moveit.rviz
[0.049s] -- Up-to-date: /home/ljq/so101_ws/install/so101_moveit_config/share/so101_moveit_config/config/so101_new_calib.srdf
[0.049s] -- Up-to-date: /home/ljq/so101_ws/install/so101_moveit_config/share/so101_moveit_config/config/pilz_cartesian_limits.yaml
[0.049s] -- Up-to-date: /home/ljq/so101_ws/install/so101_moveit_config/share/so101_moveit_config/config/kinematics.yaml
[0.050s] -- Up-to-date: /home/ljq/so101_ws/install/so101_moveit_config/share/so101_moveit_config/.setup_assistant
[0.051s] Invoked command in '/home/ljq/so101_ws/build/so101_moveit_config' returned '0': AMENT_PREFIX_PATH=/home/ljq/so101_ws/install/so101_description:${AMENT_PREFIX_PATH} CMAKE_PREFIX_PATH=/home/ljq/so101_ws/install/so101_description:/opt/ros/humble /usr/bin/cmake --install /home/ljq/so101_ws/build/so101_moveit_config
